{"C:\\Users\\Atharv\\Desktop\\Atharv's\\Twitter_Dev\\src\\services\\dummy-service.js": {"path":"C:\\Users\\Atharv\\Desktop\\Atharv's\\Twitter_Dev\\src\\services\\dummy-service.js","statementMap":{"0":{"start":{"line":3,"column":23},"end":{"line":10,"column":1}},"1":{"start":{"line":4,"column":19},"end":{"line":4,"column":27}},"2":{"start":{"line":5,"column":4},"end":{"line":9,"column":5}},"3":{"start":{"line":6,"column":8},"end":{"line":6,"column":28}},"4":{"start":{"line":8,"column":8},"end":{"line":8,"column":33}}},"fnMap":{"0":{"name":"(anonymous_0)","decl":{"start":{"line":3,"column":23},"end":{"line":3,"column":24}},"loc":{"start":{"line":3,"column":28},"end":{"line":10,"column":1}},"line":3}},"branchMap":{"0":{"loc":{"start":{"line":5,"column":4},"end":{"line":9,"column":5}},"type":"if","locations":[{"start":{"line":5,"column":4},"end":{"line":9,"column":5}},{"start":{"line":7,"column":9},"end":{"line":9,"column":5}}],"line":5}},"s":{"0":1,"1":2,"2":2,"3":1,"4":1},"f":{"0":2},"b":{"0":[1,1]},"_coverageSchema":"1a1c01bbd47fc00a2c39e90264f33305004495a9","hash":"ebe5fe19caa6c4fe953dfe94cabbe581797354eb"}
,"C:\\Users\\Atharv\\Desktop\\Atharv's\\Twitter_Dev\\src\\services\\helper-service.js": {"path":"C:\\Users\\Atharv\\Desktop\\Atharv's\\Twitter_Dev\\src\\services\\helper-service.js","statementMap":{"0":{"start":{"line":1,"column":22},"end":{"line":4,"column":3}},"1":{"start":{"line":2,"column":16},"end":{"line":2,"column":44}},"2":{"start":{"line":3,"column":4},"end":{"line":3,"column":22}}},"fnMap":{"0":{"name":"(anonymous_0)","decl":{"start":{"line":1,"column":22},"end":{"line":1,"column":23}},"loc":{"start":{"line":1,"column":27},"end":{"line":4,"column":3}},"line":1}},"branchMap":{},"s":{"0":1,"1":0,"2":0},"f":{"0":0},"b":{},"_coverageSchema":"1a1c01bbd47fc00a2c39e90264f33305004495a9","hash":"5ffec9bcd75b4ab859576a4284712b128ad012ea"}
}
